# JRE version: OpenJDK Runtime Environment (8.0_242-b01) (build 1.8.0_242-release-1644-b01)
# Java VM: OpenJDK 64-Bit Server VM (25.242-b01 mixed mode windows-amd64 compressed oops)
Heap:
 PSYoungGen      total 1092096K, used 387892K [0x0000000760000000, 0x00000007b4080000, 0x00000007c0000000)
  eden space 899072K, 39% used [0x0000000760000000,0x0000000775a92c60,0x0000000796e00000)
  from space 193024K, 17% used [0x0000000796e00000,0x0000000798e3a3f0,0x00000007a2a80000)
  to   space 173568K, 0% used [0x00000007a9700000,0x00000007a9700000,0x00000007b4080000)
 ParOldGen       total 510976K, used 249486K [0x00000006a0000000, 0x00000006bf300000, 0x0000000760000000)
  object space 510976K, 48% used [0x00000006a0000000,0x00000006af3a3a28,0x00000006bf300000)
 Metaspace       used 135267K, capacity 144101K, committed 144152K, reserved 1175552K
  class space    used 17008K, capacity 18700K, committed 18736K, reserved 1048576K
GC Heap History (10 events):
Event: 167.638 GC heap before
{Heap before GC invocations=34 (full 5):
 PSYoungGen      total 953856K, used 796023K [0x0000000760000000, 0x00000007a7200000, 0x00000007c0000000)
  eden space 764928K, 100% used [0x0000000760000000,0x000000078eb00000,0x000000078eb00000)
  from space 188928K, 16% used [0x000000079b980000,0x000000079d7ddcb0,0x00000007a7200000)
  to   space 200192K, 0% used [0x000000078eb00000,0x000000078eb00000,0x000000079ae80000)
 ParOldGen       total 510976K, used 205843K [0x00000006a0000000, 0x00000006bf300000, 0x0000000760000000)
  object space 510976K, 40% used [0x00000006a0000000,0x00000006ac904f98,0x00000006bf300000)
 Metaspace       used 134700K, capacity 143537K, committed 143640K, reserved 1173504K
  class space    used 17004K, capacity 18694K, committed 18736K, reserved 1048576K
Event: 167.660 GC heap after
Heap after GC invocations=34 (full 5):
 PSYoungGen      total 965120K, used 22512K [0x0000000760000000, 0x00000007aea00000, 0x00000007c0000000)
  eden space 764928K, 0% used [0x0000000760000000,0x0000000760000000,0x000000078eb00000)
  from space 200192K, 11% used [0x000000078eb00000,0x00000007900fc3f8,0x000000079ae80000)
  to   space 196096K, 0% used [0x00000007a2a80000,0x00000007a2a80000,0x00000007aea00000)
 ParOldGen       total 510976K, used 217497K [0x00000006a0000000, 0x00000006bf300000, 0x0000000760000000)
  object space 510976K, 42% used [0x00000006a0000000,0x00000006ad4665f0,0x00000006bf300000)
 Metaspace       used 134700K, capacity 143537K, committed 143640K, reserved 1173504K
  class space    used 17004K, capacity 18694K, committed 18736K, reserved 1048576K
}
Event: 168.510 GC heap before
{Heap before GC invocations=35 (full 5):
 PSYoungGen      total 965120K, used 787440K [0x0000000760000000, 0x00000007aea00000, 0x00000007c0000000)
  eden space 764928K, 100% used [0x0000000760000000,0x000000078eb00000,0x000000078eb00000)
  from space 200192K, 11% used [0x000000078eb00000,0x00000007900fc3f8,0x000000079ae80000)
  to   space 196096K, 0% used [0x00000007a2a80000,0x00000007a2a80000,0x00000007aea00000)
 ParOldGen       total 510976K, used 217497K [0x00000006a0000000, 0x00000006bf300000, 0x0000000760000000)
  object space 510976K, 42% used [0x00000006a0000000,0x00000006ad4665f0,0x00000006bf300000)
 Metaspace       used 134965K, capacity 143789K, committed 143896K, reserved 1175552K
  class space    used 17006K, capacity 18698K, committed 18736K, reserved 1048576K
Event: 168.532 GC heap after
Heap after GC invocations=35 (full 5):
 PSYoungGen      total 1092608K, used 12526K [0x0000000760000000, 0x00000007ae780000, 0x00000007c0000000)
  eden space 899072K, 0% used [0x0000000760000000,0x0000000760000000,0x0000000796e00000)
  from space 193536K, 6% used [0x00000007a2a80000,0x00000007a36bba08,0x00000007ae780000)
  to   space 193024K, 0% used [0x0000000796e00000,0x0000000796e00000,0x00000007a2a80000)
 ParOldGen       total 510976K, used 228759K [0x00000006a0000000, 0x00000006bf300000, 0x0000000760000000)
  object space 510976K, 44% used [0x00000006a0000000,0x00000006adf65ed0,0x00000006bf300000)
 Metaspace       used 134965K, capacity 143789K, committed 143896K, reserved 1175552K
  class space    used 17006K, capacity 18698K, committed 18736K, reserved 1048576K
}
Event: 169.616 GC heap before
{Heap before GC invocations=36 (full 5):
 PSYoungGen      total 1092608K, used 911598K [0x0000000760000000, 0x00000007ae780000, 0x00000007c0000000)
  eden space 899072K, 100% used [0x0000000760000000,0x0000000796e00000,0x0000000796e00000)
  from space 193536K, 6% used [0x00000007a2a80000,0x00000007a36bba08,0x00000007ae780000)
  to   space 193024K, 0% used [0x0000000796e00000,0x0000000796e00000,0x00000007a2a80000)
 ParOldGen       total 510976K, used 228759K [0x00000006a0000000, 0x00000006bf300000, 0x0000000760000000)
  object space 510976K, 44% used [0x00000006a0000000,0x00000006adf65ed0,0x00000006bf300000)
 Metaspace       used 135085K, capacity 143893K, committed 144152K, reserved 1175552K
  class space    used 17008K, capacity 18700K, committed 18736K, reserved 1048576K
Event: 169.632 GC heap after
Heap after GC invocations=36 (full 5):
 PSYoungGen      total 1092096K, used 11539K [0x0000000760000000, 0x00000007ae780000, 0x00000007c0000000)
  eden space 899072K, 0% used [0x0000000760000000,0x0000000760000000,0x0000000796e00000)
  from space 193024K, 5% used [0x0000000796e00000,0x0000000797944d58,0x00000007a2a80000)
  to   space 193536K, 0% used [0x00000007a2a80000,0x00000007a2a80000,0x00000007ae780000)
 ParOldGen       total 510976K, used 238795K [0x00000006a0000000, 0x00000006bf300000, 0x0000000760000000)
  object space 510976K, 46% used [0x00000006a0000000,0x00000006ae932ca0,0x00000006bf300000)
 Metaspace       used 135085K, capacity 143893K, committed 144152K, reserved 1175552K
  class space    used 17008K, capacity 18700K, committed 18736K, reserved 1048576K
}
Event: 170.545 GC heap before
{Heap before GC invocations=37 (full 5):
 PSYoungGen      total 1092096K, used 910611K [0x0000000760000000, 0x00000007ae780000, 0x00000007c0000000)
  eden space 899072K, 100% used [0x0000000760000000,0x0000000796e00000,0x0000000796e00000)
  from space 193024K, 5% used [0x0000000796e00000,0x0000000797944d58,0x00000007a2a80000)
  to   space 193536K, 0% used [0x00000007a2a80000,0x00000007a2a80000,0x00000007ae780000)
 ParOldGen       total 510976K, used 238795K [0x00000006a0000000, 0x00000006bf300000, 0x0000000760000000)
  object space 510976K, 46% used [0x00000006a0000000,0x00000006ae932ca0,0x00000006bf300000)
 Metaspace       used 135153K, capacity 143965K, committed 144152K, reserved 1175552K
  class space    used 17008K, capacity 18700K, committed 18736K, reserved 1048576K
Event: 170.561 GC heap after
Heap after GC invocations=37 (full 5):
 PSYoungGen      total 1092608K, used 11205K [0x0000000760000000, 0x00000007ae780000, 0x00000007c0000000)
  eden space 899072K, 0% used [0x0000000760000000,0x0000000760000000,0x0000000796e00000)
  from space 193536K, 5% used [0x00000007a2a80000,0x00000007a3571408,0x00000007ae780000)
  to   space 193024K, 0% used [0x0000000796e00000,0x0000000796e00000,0x00000007a2a80000)
 ParOldGen       total 510976K, used 244753K [0x00000006a0000000, 0x00000006bf300000, 0x0000000760000000)
  object space 510976K, 47% used [0x00000006a0000000,0x00000006aef047e8,0x00000006bf300000)
 Metaspace       used 135153K, capacity 143965K, committed 144152K, reserved 1175552K
  class space    used 17008K, capacity 18700K, committed 18736K, reserved 1048576K
}
Event: 171.376 GC heap before
{Heap before GC invocations=38 (full 5):
 PSYoungGen      total 1092608K, used 910277K [0x0000000760000000, 0x00000007ae780000, 0x00000007c0000000)
  eden space 899072K, 100% used [0x0000000760000000,0x0000000796e00000,0x0000000796e00000)
  from space 193536K, 5% used [0x00000007a2a80000,0x00000007a3571408,0x00000007ae780000)
  to   space 193024K, 0% used [0x0000000796e00000,0x0000000796e00000,0x00000007a2a80000)
 ParOldGen       total 510976K, used 244753K [0x00000006a0000000, 0x00000006bf300000, 0x0000000760000000)
  object space 510976K, 47% used [0x00000006a0000000,0x00000006aef047e8,0x00000006bf300000)
 Metaspace       used 135250K, capacity 144101K, committed 144152K, reserved 1175552K
  class space    used 17008K, capacity 18700K, committed 18736K, reserved 1048576K
Event: 171.400 GC heap after
Heap after GC invocations=38 (full 5):
 PSYoungGen      total 1092096K, used 33000K [0x0000000760000000, 0x00000007b4080000, 0x00000007c0000000)
  eden space 899072K, 0% used [0x0000000760000000,0x0000000760000000,0x0000000796e00000)
  from space 193024K, 17% used [0x0000000796e00000,0x0000000798e3a3f0,0x00000007a2a80000)
  to   space 173568K, 0% used [0x00000007a9700000,0x00000007a9700000,0x00000007b4080000)
 ParOldGen       total 510976K, used 249486K [0x00000006a0000000, 0x00000006bf300000, 0x0000000760000000)
  object space 510976K, 48% used [0x00000006a0000000,0x00000006af3a3a28,0x00000006bf300000)
 Metaspace       used 135250K, capacity 144101K, committed 144152K, reserved 1175552K
  class space    used 17008K, capacity 18700K, committed 18736K, reserved 1048576K
}

